# JRE version: OpenJDK Runtime Environment (8.0_242-b01) (build 1.8.0_242-release-1644-b01)
# Java VM: OpenJDK 64-Bit Server VM (25.242-b01 mixed mode windows-amd64 compressed oops)
Heap:
 PSYoungGen      total 293376K, used 122570K [0x00000000e0000000, 0x00000000f8200000, 0x0000000100000000)
  eden space 252928K, 32% used [0x00000000e0000000,0x00000000e50350a0,0x00000000ef700000)
  from space 40448K, 99% used [0x00000000f2e00000,0x00000000f557d8c0,0x00000000f5580000)
  to   space 56320K, 0% used [0x00000000ef700000,0x00000000ef700000,0x00000000f2e00000)
 ParOldGen       total 225280K, used 116706K [0x00000000a0000000, 0x00000000adc00000, 0x00000000e0000000)
  object space 225280K, 51% used [0x00000000a0000000,0x00000000a71f8988,0x00000000adc00000)
 Metaspace       used 77934K, capacity 83908K, committed 84056K, reserved 1122304K
  class space    used 10523K, capacity 11821K, committed 11904K, reserved 1048576K
GC Heap History (10 events):
Event: 7.860 GC heap before
{Heap before GC invocations=13 (full 3):
 PSYoungGen      total 217088K, used 18543K [0x00000000e0000000, 0x00000000f0480000, 0x0000000100000000)
  eden space 198144K, 0% used [0x00000000e0000000,0x00000000e0000000,0x00000000ec180000)
  from space 18944K, 97% used [0x00000000ed600000,0x00000000ee81bf90,0x00000000ee880000)
  to   space 20992K, 0% used [0x00000000ec180000,0x00000000ec180000,0x00000000ed600000)
 ParOldGen       total 151040K, used 29810K [0x00000000a0000000, 0x00000000a9380000, 0x00000000e0000000)
  object space 151040K, 19% used [0x00000000a0000000,0x00000000a1d1cb68,0x00000000a9380000)
 Metaspace       used 56821K, capacity 58920K, committed 58968K, reserved 1099776K
  class space    used 7759K, capacity 8301K, committed 8320K, reserved 1048576K
Event: 8.037 GC heap after
Heap after GC invocations=13 (full 3):
 PSYoungGen      total 217088K, used 0K [0x00000000e0000000, 0x00000000f0480000, 0x0000000100000000)
  eden space 198144K, 0% used [0x00000000e0000000,0x00000000e0000000,0x00000000ec180000)
  from space 18944K, 0% used [0x00000000ed600000,0x00000000ed600000,0x00000000ee880000)
  to   space 20992K, 0% used [0x00000000ec180000,0x00000000ec180000,0x00000000ed600000)
 ParOldGen       total 225280K, used 38792K [0x00000000a0000000, 0x00000000adc00000, 0x00000000e0000000)
  object space 225280K, 17% used [0x00000000a0000000,0x00000000a25e21f0,0x00000000adc00000)
 Metaspace       used 56810K, capacity 58884K, committed 58968K, reserved 1099776K
  class space    used 7756K, capacity 8295K, committed 8320K, reserved 1048576K
}
Event: 10.429 GC heap before
{Heap before GC invocations=14 (full 3):
 PSYoungGen      total 217088K, used 198144K [0x00000000e0000000, 0x00000000f0480000, 0x0000000100000000)
  eden space 198144K, 100% used [0x00000000e0000000,0x00000000ec180000,0x00000000ec180000)
  from space 18944K, 0% used [0x00000000ed600000,0x00000000ed600000,0x00000000ee880000)
  to   space 20992K, 0% used [0x00000000ec180000,0x00000000ec180000,0x00000000ed600000)
 ParOldGen       total 225280K, used 38792K [0x00000000a0000000, 0x00000000adc00000, 0x00000000e0000000)
  object space 225280K, 17% used [0x00000000a0000000,0x00000000a25e21f0,0x00000000adc00000)
 Metaspace       used 61317K, capacity 65046K, committed 65240K, reserved 1105920K
  class space    used 8450K, capacity 9445K, committed 9472K, reserved 1048576K
Event: 10.444 GC heap after
Heap after GC invocations=14 (full 3):
 PSYoungGen      total 219136K, used 20960K [0x00000000e0000000, 0x00000000f1d80000, 0x0000000100000000)
  eden space 198144K, 0% used [0x00000000e0000000,0x00000000e0000000,0x00000000ec180000)
  from space 20992K, 99% used [0x00000000ec180000,0x00000000ed5f8010,0x00000000ed600000)
  to   space 26112K, 0% used [0x00000000f0400000,0x00000000f0400000,0x00000000f1d80000)
 ParOldGen       total 225280K, used 45942K [0x00000000a0000000, 0x00000000adc00000, 0x00000000e0000000)
  object space 225280K, 20% used [0x00000000a0000000,0x00000000a2cddb80,0x00000000adc00000)
 Metaspace       used 61317K, capacity 65046K, committed 65240K, reserved 1105920K
  class space    used 8450K, capacity 9445K, committed 9472K, reserved 1048576K
}
Event: 12.140 GC heap before
{Heap before GC invocations=15 (full 3):
 PSYoungGen      total 219136K, used 219104K [0x00000000e0000000, 0x00000000f1d80000, 0x0000000100000000)
  eden space 198144K, 100% used [0x00000000e0000000,0x00000000ec180000,0x00000000ec180000)
  from space 20992K, 99% used [0x00000000ec180000,0x00000000ed5f8010,0x00000000ed600000)
  to   space 26112K, 0% used [0x00000000f0400000,0x00000000f0400000,0x00000000f1d80000)
 ParOldGen       total 225280K, used 45942K [0x00000000a0000000, 0x00000000adc00000, 0x00000000e0000000)
  object space 225280K, 20% used [0x00000000a0000000,0x00000000a2cddb80,0x00000000adc00000)
 Metaspace       used 70166K, capacity 74324K, committed 74456K, reserved 1114112K
  class space    used 9659K, capacity 10704K, committed 10752K, reserved 1048576K
Event: 12.165 GC heap after
Heap after GC invocations=15 (full 3):
 PSYoungGen      total 254464K, used 26091K [0x00000000e0000000, 0x00000000f3500000, 0x0000000100000000)
  eden space 228352K, 0% used [0x00000000e0000000,0x00000000e0000000,0x00000000edf00000)
  from space 26112K, 99% used [0x00000000f0400000,0x00000000f1d7ad60,0x00000000f1d80000)
  to   space 37888K, 0% used [0x00000000edf00000,0x00000000edf00000,0x00000000f0400000)
 ParOldGen       total 225280K, used 67969K [0x00000000a0000000, 0x00000000adc00000, 0x00000000e0000000)
  object space 225280K, 30% used [0x00000000a0000000,0x00000000a4260698,0x00000000adc00000)
 Metaspace       used 70166K, capacity 74324K, committed 74456K, reserved 1114112K
  class space    used 9659K, capacity 10704K, committed 10752K, reserved 1048576K
}
Event: 208.555 GC heap before
{Heap before GC invocations=16 (full 3):
 PSYoungGen      total 254464K, used 254443K [0x00000000e0000000, 0x00000000f3500000, 0x0000000100000000)
  eden space 228352K, 100% used [0x00000000e0000000,0x00000000edf00000,0x00000000edf00000)
  from space 26112K, 99% used [0x00000000f0400000,0x00000000f1d7ad60,0x00000000f1d80000)
  to   space 37888K, 0% used [0x00000000edf00000,0x00000000edf00000,0x00000000f0400000)
 ParOldGen       total 225280K, used 67969K [0x00000000a0000000, 0x00000000adc00000, 0x00000000e0000000)
  object space 225280K, 30% used [0x00000000a0000000,0x00000000a4260698,0x00000000adc00000)
 Metaspace       used 76684K, capacity 81882K, committed 82008K, reserved 1120256K
  class space    used 10405K, capacity 11606K, committed 11648K, reserved 1048576K
Event: 208.585 GC heap after
Heap after GC invocations=16 (full 3):
 PSYoungGen      total 266240K, used 29328K [0x00000000e0000000, 0x00000000f5580000, 0x0000000100000000)
  eden space 228352K, 0% used [0x00000000e0000000,0x00000000e0000000,0x00000000edf00000)
  from space 37888K, 77% used [0x00000000edf00000,0x00000000efba4350,0x00000000f0400000)
  to   space 40448K, 0% used [0x00000000f2e00000,0x00000000f2e00000,0x00000000f5580000)
 ParOldGen       total 225280K, used 89923K [0x00000000a0000000, 0x00000000adc00000, 0x00000000e0000000)
  object space 225280K, 39% used [0x00000000a0000000,0x00000000a57d0c90,0x00000000adc00000)
 Metaspace       used 76684K, capacity 81882K, committed 82008K, reserved 1120256K
  class space    used 10405K, capacity 11606K, committed 11648K, reserved 1048576K
}
Event: 209.534 GC heap before
{Heap before GC invocations=17 (full 3):
 PSYoungGen      total 266240K, used 257680K [0x00000000e0000000, 0x00000000f5580000, 0x0000000100000000)
  eden space 228352K, 100% used [0x00000000e0000000,0x00000000edf00000,0x00000000edf00000)
  from space 37888K, 77% used [0x00000000edf00000,0x00000000efba4350,0x00000000f0400000)
  to   space 40448K, 0% used [0x00000000f2e00000,0x00000000f2e00000,0x00000000f5580000)
 ParOldGen       total 225280K, used 89923K [0x00000000a0000000, 0x00000000adc00000, 0x00000000e0000000)
  object space 225280K, 39% used [0x00000000a0000000,0x00000000a57d0c90,0x00000000adc00000)
 Metaspace       used 77658K, capacity 83332K, committed 83416K, reserved 1120256K
  class space    used 10489K, capacity 11759K, committed 11776K, reserved 1048576K
Event: 209.568 GC heap after
Heap after GC invocations=17 (full 3):
 PSYoungGen      total 293376K, used 40438K [0x00000000e0000000, 0x00000000f8200000, 0x0000000100000000)
  eden space 252928K, 0% used [0x00000000e0000000,0x00000000e0000000,0x00000000ef700000)
  from space 40448K, 99% used [0x00000000f2e00000,0x00000000f557d8c0,0x00000000f5580000)
  to   space 56320K, 0% used [0x00000000ef700000,0x00000000ef700000,0x00000000f2e00000)
 ParOldGen       total 225280K, used 116706K [0x00000000a0000000, 0x00000000adc00000, 0x00000000e0000000)
  object space 225280K, 51% used [0x00000000a0000000,0x00000000a71f8988,0x00000000adc00000)
 Metaspace       used 77658K, capacity 83332K, committed 83416K, reserved 1120256K
  class space    used 10489K, capacity 11759K, committed 11776K, reserved 1048576K
}

